AzerothCore rev. 605697868703+ 2025-12-24 23:48:23 +0100 (Playerbot branch) (Win64, RelWithDebInfo, Static) (authserver)
<Ctrl-C> to stop.

   █████╗ ███████╗███████╗██████╗  ██████╗ ████████╗██╗  ██╗
  ██╔══██╗╚══███╔╝██╔════╝██╔══██╗██╔═══██╗╚══██╔══╝██║  ██║
  ███████║  ███╔╝ █████╗  ██████╔╝██║   ██║   ██║   ███████║
  ██╔══██║ ███╔╝  ██╔══╝  ██╔══██╗██║   ██║   ██║   ██╔══██║
  ██║  ██║███████╗███████╗██║  ██║╚██████╔╝   ██║   ██║  ██║
  ╚═╝  ╚═╝╚══════╝╚══════╝╚═╝  ╚═╝ ╚═════╝    ╚═╝   ╚═╝  ╚═╝
                                 ██████╗ ██████╗ ██████╗ ███████╗
                                ██╔════╝██╔═══██╗██╔══██╗██╔════╝
                                ██║     ██║   ██║██████╔╝█████╗
                                ██║     ██║   ██║██╔══██╗██╔══╝
                                ╚██████╗╚██████╔╝██║  ██║███████╗
                                 ╚═════╝ ╚═════╝ ╚═╝  ╚═╝╚══════╝

     AzerothCore 3.3.5a  -  www.azerothcore.org

> Using configuration file       configs/authserver.conf
> Using SSL version:             OpenSSL 3.1.4 24 Oct 2023 (library: OpenSSL 3.1.4 24 Oct 2023)
> Using Boost version:           1.81.0
 
Opening DatabasePool 'acore_auth'. Asynchronous connections: 1, synchronous connections: 1.
MySQL client library: 8.0.35
MySQL server ver: 8.0.35 
Connected to MySQL database at 127.0.0.1
MySQL client library: 8.0.35
MySQL server ver: 8.0.35 
Connected to MySQL database at 127.0.0.1
DatabasePool 'acore_auth' opened successfully. 2 total connections running.
 
Updating Auth database...
>> Auth database is up-to-date! Containing 8 new and 1 archived updates.
 
Started auth database connection pool.
Loading IP Location Database...
 
Added realm "AzerothCore" at 26.196.124.39:8085.
