Spell 90001 listed in `spell_proc` does not exist
Disable flags specified for battleground 9, useless data.
Table `creature` has creature (SpawnId: 5300521) with non existing creature entry 90000 in id1 field, skipped.
Table `creature` has creature (SpawnId: 5300524) with non existing creature entry 90000 in id1 field, skipped.
Table `creature` has creature (SpawnId: 5300527) with non existing creature entry 90000 in id1 field, skipped.
Table 'reference_loot_template' Entry 50011 does not exist but it is used by item_loot_template 1
Table `npc_trainer` contains an entry (Entry: 28746) for a non-existing spell (Spell: 90001), ignoring
Table `npc_trainer` contains an entry (Entry: 31238) for a non-existing spell (Spell: 90001), ignoring
Table `npc_trainer` contains an entry (Entry: 31247) for a non-existing spell (Spell: 90001), ignoring
Table `npc_trainer` contains an entry for a creature template (Entry: 31248) without trainer flag, ignoring
Script named 'npc_1v1arena' is assigned in the database, but has no code!
Table `command` contains data for non-existant command 'anticheat'. Skipped.
Table `command` contains data for non-existant command 'anticheat delete'. Skipped.
Table `command` contains data for non-existant command 'anticheat jail'. Skipped.
Table `command` contains data for non-existant command 'anticheat global'. Skipped.
Table `command` contains data for non-existant command 'anticheat parole'. Skipped.
Table `command` contains data for non-existant command 'anticheat player'. Skipped.
Table `command` contains data for non-existant command 'anticheat purge'. Skipped.
Table `command` contains data for non-existant command 'anticheat warn'. Skipped.
Table `command` contains data for non-existant command 'cfbg race'. Skipped.
Table `command` contains data for non-existant command 'cfbg'. Skipped.
Table `command` contains data for non-existant command 'weekendxp rate'. Skipped.
WaypointMovementGenerator::LoadPath: creature Eye of Dar'Khan (GUID Full: 0xf130003fc00019dd Type: Creature Entry: 16320  Low: 6621) doesn't have waypoint path id: 0
SmartScript::ProcessAction: SMART_ACTION_TALK: EntryOrGuid 31258 SourceType 0 EventType 4 TargetType 7 using non-existent Text id 0 for talker 15438, ignored.
SQL(p): INSERT INTO pvpstats_battlegrounds (id, winner_faction, bracket_id, type, date) VALUES (2009, 1, 8, 3, NOW())
 [ERROR]: [1062] Duplicate entry '2009' for key 'pvpstats_battlegrounds.PRIMARY'
WaypointMovementGenerator::LoadPath: creature Arzeth the Merciless (GUID Full: 0xf130004b9a00610a Type: Creature Entry: 19354  Low: 24842) doesn't have waypoint path id: 0
SmartScript::ProcessAction: SMART_ACTION_TALK: EntryOrGuid 3027400 SourceType 9 EventType 1 TargetType 7 using non-existent Text id 0 for talker 24207, ignored.
SmartScript::ProcessAction: SMART_ACTION_TALK: EntryOrGuid 3027400 SourceType 9 EventType 1 TargetType 7 using non-existent Text id 0 for talker 24207, ignored.
Table `graveyard_zone` incomplete: Zone 3455 Team 1 does not have a linked graveyard.
SmartScript::ProcessAction: SMART_ACTION_TALK: EntryOrGuid 3027400 SourceType 9 EventType 1 TargetType 7 using non-existent Text id 0 for talker 15438, ignored.
SmartScript::ProcessAction: SMART_ACTION_TALK: EntryOrGuid 3027400 SourceType 9 EventType 1 TargetType 7 using non-existent Text id 0 for talker 24207, ignored.
SmartScript::ProcessAction: SMART_ACTION_TALK: EntryOrGuid 3027400 SourceType 9 EventType 1 TargetType 7 using non-existent Text id 0 for talker 24207, ignored.
